[    0.000000] Linux version 4.15.0-212-generic (buildd@lcy02-amd64-083) (gcc version 7.5.0 (Ubuntu 7.5.0-3ubuntu1~18.04)) #223-Ubuntu SMP Tue May 23 13:09:22 UTC 2023 (Ubuntu 4.15.0-212.223-generic 4.15.18)
[    0.000000] Command line: BOOT_IMAGE=/boot/vmlinuz-4.15.0-212-generic root=LABEL=cloudimg-rootfs ro console=tty1 console=ttyS0
[    0.000000] KERNEL supported cpus:
[    0.000000]   Intel GenuineIntel
[    0.000000]   AMD AuthenticAMD
[    0.000000]   Centaur CentaurHauls
[    0.000000] x86/fpu: Supporting XSAVE feature 0x001: 'x87 floating point registers'
[    0.000000] x86/fpu: Supporting XSAVE feature 0x002: 'SSE registers'
[    0.000000] x86/fpu: Supporting XSAVE feature 0x004: 'AVX registers'
[    0.000000] x86/fpu: xstate_offset[2]:  576, xstate_sizes[2]:  256
[    0.000000] x86/fpu: Enabled xstate features 0x7, context size is 832 bytes, using 'standard' format.
[    0.000000] e820: BIOS-provided physical RAM map:
[    0.000000] BIOS-e820: [mem 0x0000000000000000-0x000000000009fbff] usable
[    0.000000] BIOS-e820: [mem 0x000000000009fc00-0x000000000009ffff] reserved
[    0.000000] BIOS-e820: [mem 0x00000000000f0000-0x00000000000fffff] reserved
[    0.000000] BIOS-e820: [mem 0x0000000000100000-0x000000007ffeffff] usable
[    0.000000] BIOS-e820: [mem 0x000000007fff0000-0x000000007fffffff] ACPI data
[    0.000000] BIOS-e820: [mem 0x00000000fec00000-0x00000000fec00fff] reserved
[    0.000000] BIOS-e820: [mem 0x00000000fee00000-0x00000000fee00fff] reserved
[    0.000000] BIOS-e820: [mem 0x00000000fffc0000-0x00000000ffffffff] reserved
[    0.000000] NX (Execute Disable) protection: active
[    0.000000] SMBIOS 2.5 present.
[    0.000000] DMI: innotek GmbH VirtualBox/VirtualBox, BIOS VirtualBox 12/01/2006
[    0.000000] Hypervisor detected: KVM
[    0.000000] e820: last_pfn = 0x7fff0 max_arch_pfn = 0x400000000
[    0.000000] MTRR: Disabled
[    0.000000] x86/PAT: MTRRs disabled, skipping PAT initialization too.
[    0.000000] CPU MTRRs all blank - virtualized system.
[    0.000000] x86/PAT: Configuration [0-7]: WB  WT  UC- UC  WB  WT  UC- UC  
[    0.000000] found SMP MP-table at [mem 0x0009fff0-0x0009ffff]
[    0.000000] Scanning 1 areas for low memory corruption
[    0.000000] RAMDISK: [mem 0x359cb000-0x36cdcfff]
[    0.000000] ACPI: Early table checksum verification disabled
[    0.000000] ACPI: RSDP 0x00000000000E0000 000024 (v02 VBOX  )
[    0.000000] ACPI: XSDT 0x000000007FFF0030 00003C (v01 VBOX   VBOXXSDT 00000001 ASL  00000061)
[    0.000000] ACPI: FACP 0x000000007FFF00F0 0000F4 (v04 VBOX   VBOXFACP 00000001 ASL  00000061)
[    0.000000] ACPI: DSDT 0x000000007FFF0470 002325 (v02 VBOX   VBOXBIOS 00000002 INTL 20200925)
[    0.000000] ACPI: FACS 0x000000007FFF0200 000040
[    0.000000] ACPI: FACS 0x000000007FFF0200 000040
[    0.000000] ACPI: APIC 0x000000007FFF0240 00005C (v02 VBOX   VBOXAPIC 00000001 ASL  00000061)
[    0.000000] ACPI: SSDT 0x000000007FFF02A0 0001CC (v01 VBOX   VBOXCPUT 00000002 INTL 20200925)
[    0.000000] ACPI: Reserving FACP table memory at [mem 0x7fff00f0-0x7fff01e3]
[    0.000000] ACPI: Reserving DSDT table memory at [mem 0x7fff0470-0x7fff2794]
[    0.000000] ACPI: Reserving FACS table memory at [mem 0x7fff0200-0x7fff023f]
[    0.000000] ACPI: Reserving FACS table memory at [mem 0x7fff0200-0x7fff023f]
[    0.000000] ACPI: Reserving APIC table memory at [mem 0x7fff0240-0x7fff029b]
[    0.000000] ACPI: Reserving SSDT table memory at [mem 0x7fff02a0-0x7fff046b]
[    0.000000] No NUMA configuration found
[    0.000000] Faking a node at [mem 0x0000000000000000-0x000000007ffeffff]
[    0.000000] NODE_DATA(0) allocated [mem 0x7ffc5000-0x7ffeffff]
[    0.000000] kvm-clock: cpu 0, msr 0:7ff44001, primary cpu clock
[    0.000000] kvm-clock: Using msrs 4b564d01 and 4b564d00
[    0.000000] kvm-clock: using sched offset of 3122113507 cycles
[    0.000000] clocksource: kvm-clock: mask: 0xffffffffffffffff max_cycles: 0x1cd42e4dffb, max_idle_ns: 881590591483 ns
[    0.000000] Zone ranges:
[    0.000000]   DMA      [mem 0x0000000000001000-0x0000000000ffffff]
[    0.000000]   DMA32    [mem 0x0000000001000000-0x000000007ffeffff]
[    0.000000]   Normal   empty
[    0.000000]   Device   empty
[    0.000000] Movable zone start for each node
[    0.000000] Early memory node ranges
[    0.000000]   node   0: [mem 0x0000000000001000-0x000000000009efff]
[    0.000000]   node   0: [mem 0x0000000000100000-0x000000007ffeffff]
[    0.000000] Reserved but unavailable: 104 pages
[    0.000000] Initmem setup node 0 [mem 0x0000000000001000-0x000000007ffeffff]
[    0.000000] ACPI: PM-Timer IO Port: 0x4008
[    0.000000] IOAPIC[0]: apic_id 2, version 32, address 0xfec00000, GSI 0-23
[    0.000000] ACPI: INT_SRC_OVR (bus 0 bus_irq 0 global_irq 2 dfl dfl)
[    0.000000] ACPI: INT_SRC_OVR (bus 0 bus_irq 9 global_irq 9 low level)
[    0.000000] Using ACPI (MADT) for SMP configuration information
[    0.000000] smpboot: Allowing 2 CPUs, 0 hotplug CPUs
[    0.000000] PM: Registered nosave memory: [mem 0x00000000-0x00000fff]
[    0.000000] PM: Registered nosave memory: [mem 0x0009f000-0x0009ffff]
[    0.000000] PM: Registered nosave memory: [mem 0x000a0000-0x000effff]
[    0.000000] PM: Registered nosave memory: [mem 0x000f0000-0x000fffff]
[    0.000000] e820: [mem 0x80000000-0xfebfffff] available for PCI devices
[    0.000000] Booting paravirtualized kernel on KVM
[    0.000000] clocksource: refined-jiffies: mask: 0xffffffff max_cycles: 0xffffffff, max_idle_ns: 7645519600211568 ns
[    0.000000] setup_percpu: NR_CPUS:8192 nr_cpumask_bits:2 nr_cpu_ids:2 nr_node_ids:1
[    0.000000] percpu: Embedded 50 pages/cpu s167936 r8192 d28672 u1048576
[    0.000000] PV qspinlock hash table entries: 256 (order: 0, 4096 bytes)
[    0.000000] Built 1 zonelists, mobility grouping on.  Total pages: 515961
[    0.000000] Policy zone: DMA32
[    0.000000] Kernel command line: BOOT_IMAGE=/boot/vmlinuz-4.15.0-212-generic root=LABEL=cloudimg-rootfs ro console=tty1 console=ttyS0
[    0.000000] Memory: 2014836K/2096696K available (12300K kernel code, 2477K rwdata, 4324K rodata, 2480K init, 2720K bss, 81860K reserved, 0K cma-reserved)
[    0.000000] SLUB: HWalign=64, Order=0-3, MinObjects=0, CPUs=2, Nodes=1
[    0.000000] Kernel/User page tables isolation: enabled
[    0.000000] ftrace: allocating 39508 entries in 155 pages
[    0.004000] Hierarchical RCU implementation.
[    0.004000] 	RCU restricting CPUs from NR_CPUS=8192 to nr_cpu_ids=2.
[    0.004000] 	Tasks RCU enabled.
[    0.004000] RCU: Adjusting geometry for rcu_fanout_leaf=16, nr_cpu_ids=2
[    0.004000] NR_IRQS: 524544, nr_irqs: 440, preallocated irqs: 16
[    0.004000] random: crng init done
[    0.004000] Console: colour VGA+ 80x25
[    0.004000] console [tty1] enabled
[    0.004000] console [ttyS0] enabled
[    0.004000] ACPI: Core revision 20170831
[    0.004000] ACPI: 2 ACPI AML tables successfully acquired and loaded
[    0.004000] APIC: Switch to symmetric I/O mode setup
[    0.004000] x2apic enabled
[    0.004000] Switched APIC routing to physical x2apic.
[    0.004000] ..TIMER: vector=0x30 apic1=0 pin1=2 apic2=-1 pin2=-1
[    0.004000] tsc: Detected 2495.998 MHz processor
[    0.004000] Calibrating delay loop (skipped) preset value.. 4991.99 BogoMIPS (lpj=9983992)
[    0.004006] pid_max: default: 32768 minimum: 301
[    0.004563] Security Framework initialized
[    0.005042] Yama: becoming mindful.
[    0.005476] AppArmor: AppArmor initialized
[    0.006579] Dentry cache hash table entries: 262144 (order: 9, 2097152 bytes)
[    0.008443] Inode-cache hash table entries: 131072 (order: 8, 1048576 bytes)
[    0.009227] Mount-cache hash table entries: 4096 (order: 3, 32768 bytes)
[    0.009969] Mountpoint-cache hash table entries: 4096 (order: 3, 32768 bytes)
[    0.011004] Last level iTLB entries: 4KB 64, 2MB 8, 4MB 8
[    0.011616] Last level dTLB entries: 4KB 64, 2MB 0, 4MB 0, 1GB 4
[    0.012004] Spectre V1 : Mitigation: usercopy/swapgs barriers and __user pointer sanitization
[    0.013008] Spectre V2 : Mitigation: Retpolines
[    0.013531] Spectre V2 : Spectre v2 / SpectreRSB mitigation: Filling RSB on context switch
[    0.014529] Spectre V2 : Spectre v2 / SpectreRSB : Filling RSB on VMEXIT
[    0.015267] RETBleed: WARNING: Spectre v2 mitigation leaves CPU vulnerable to RETBleed attacks, data leaks possible!
[    0.016002] RETBleed: Vulnerable
[    0.016396] Speculative Store Bypass: Vulnerable
[    0.017013] MDS: Mitigation: Clear CPU buffers
[    0.017529] MMIO Stale Data: Mitigation: Clear CPU buffers
[    0.018156] SRBDS: Unknown: Dependent on hypervisor status
[    0.020005] Freeing SMP alternatives memory: 36K
[    0.129630] smpboot: CPU0: Intel(R) Core(TM) i5-10500H CPU @ 2.50GHz (family: 0x6, model: 0xa5, stepping: 0x2)
[    0.130935] Performance Events: unsupported p6 CPU model 165 no PMU driver, software events only.
[    0.131958] Hierarchical SRCU implementation.
[    0.132000] NMI watchdog: Perf event create on CPU 0 failed with -2
[    0.132000] NMI watchdog: Perf NMI watchdog permanently disabled
[    0.132033] smp: Bringing up secondary CPUs ...
[    0.132791] x86: Booting SMP configuration:
[    0.133284] .... node  #0, CPUs:      #1
[    0.004000] kvm-clock: cpu 1, msr 0:7ff44041, secondary cpu clock
[    0.136016] smp: Brought up 1 node, 2 CPUs
[    0.136493] smpboot: Max logical packages: 1
[    0.136993] smpboot: Total of 2 processors activated (9983.99 BogoMIPS)
[    0.137846] devtmpfs: initialized
[    0.137846] x86/mm: Memory block size: 128MB
[    0.140078] evm: security.selinux
[    0.140500] evm: security.SMACK64
[    0.141661] evm: security.SMACK64EXEC
[    0.142890] evm: security.SMACK64TRANSMUTE
[    0.144000] evm: security.SMACK64MMAP
[    0.144006] evm: security.apparmor
[    0.144435] evm: security.ima
[    0.144815] evm: security.capability
[    0.145300] clocksource: jiffies: mask: 0xffffffff max_cycles: 0xffffffff, max_idle_ns: 7645041785100000 ns
[    0.145300] futex hash table entries: 512 (order: 3, 32768 bytes)
[    0.148035] pinctrl core: initialized pinctrl subsystem
[    0.148708] RTC time: 23:20:20, date: 09/11/23
[    0.149319] NET: Registered protocol family 16
[    0.149890] audit: initializing netlink subsys (disabled)
[    0.150526] audit: type=2000 audit(1694474424.839:1): state=initialized audit_enabled=0 res=1
[    0.152009] cpuidle: using governor ladder
[    0.152551] cpuidle: using governor menu
[    0.153049] ACPI: bus type PCI registered
[    0.153524] acpiphp: ACPI Hot Plug PCI Controller Driver version: 0.5
[    0.154315] PCI: Using configuration type 1 for base access
[    0.156027] HugeTLB registered 2.00 MiB page size, pre-allocated 0 pages
[    0.156805] ACPI: Added _OSI(Module Device)
[    0.156805] ACPI: Added _OSI(Processor Device)
[    0.157060] ACPI: Added _OSI(3.0 _SCP Extensions)
[    0.157602] ACPI: Added _OSI(Processor Aggregator Device)
[    0.160002] ACPI: Added _OSI(Linux-Dell-Video)
[    0.160525] ACPI: Added _OSI(Linux-Lenovo-NV-HDMI-Audio)
[    0.161190] ACPI: Added _OSI(Linux-HPI-Hybrid-Graphics)
[    0.161993] ACPI: Executed 1 blocks of module-level executable AML code
[    0.165157] ACPI: Interpreter enabled
[    0.165618] ACPI: (supports S0 S5)
[    0.166031] ACPI: Using IOAPIC for interrupt routing
[    0.166760] PCI: Using host bridge windows from ACPI; if necessary, use "pci=nocrs" and report a bug
[    0.167898] ACPI: Enabled 2 GPEs in block 00 to 07
[    0.172503] ACPI: PCI Root Bridge [PCI0] (domain 0000 [bus 00-ff])
[    0.173223] acpi PNP0A03:00: _OSC: OS supports [ASPM ClockPM Segments MSI]
[    0.174314] acpi PNP0A03:00: _OSC: not requesting OS control; OS requires [ExtendedConfig ASPM ClockPM MSI]
[    0.175401] acpi PNP0A03:00: fail to add MMCONFIG information, can't access extended PCI configuration space under this bridge.
[    0.176257] PCI host bridge to bus 0000:00
[    0.177311] pci_bus 0000:00: root bus resource [io  0x0000-0x0cf7 window]
[    0.178216] pci_bus 0000:00: root bus resource [io  0x0d00-0xffff window]
[    0.179044] pci_bus 0000:00: root bus resource [mem 0x000a0000-0x000bffff window]
[    0.180004] pci_bus 0000:00: root bus resource [mem 0x80000000-0xfdffffff window]
[    0.180909] pci_bus 0000:00: root bus resource [bus 00-ff]
[    0.182892] pci 0000:00:01.1: legacy IDE quirk: reg 0x10: [io  0x01f0-0x01f7]
[    0.184002] pci 0000:00:01.1: legacy IDE quirk: reg 0x14: [io  0x03f6]
[    0.184766] pci 0000:00:01.1: legacy IDE quirk: reg 0x18: [io  0x0170-0x0177]
[    0.185694] pci 0000:00:01.1: legacy IDE quirk: reg 0x1c: [io  0x0376]
[    0.203063] pci 0000:00:07.0: quirk: [io  0x4000-0x403f] claimed by PIIX4 ACPI
[    0.204018] pci 0000:00:07.0: quirk: [io  0x4100-0x410f] claimed by PIIX4 SMB
[    0.214659] ACPI: PCI Interrupt Link [LNKA] (IRQs 5 9 10 *11)
[    0.215550] ACPI: PCI Interrupt Link [LNKB] (IRQs 5 9 *10 11)
[    0.216075] ACPI: PCI Interrupt Link [LNKC] (IRQs 5 *9 10 11)
[    0.216855] ACPI: PCI Interrupt Link [LNKD] (IRQs 5 9 10 *11)
[    0.217780] SCSI subsystem initialized
[    0.218265] pci 0000:00:02.0: vgaarb: setting as boot VGA device
[    0.218265] pci 0000:00:02.0: vgaarb: VGA device added: decodes=io+mem,owns=io+mem,locks=none
[    0.220009] pci 0000:00:02.0: vgaarb: bridge control possible
[    0.220698] vgaarb: loaded
[    0.221066] ACPI: bus type USB registered
[    0.221567] usbcore: registered new interface driver usbfs
[    0.222197] usbcore: registered new interface driver hub
[    0.222888] usbcore: registered new device driver usb
[    0.224047] EDAC MC: Ver: 3.0.0
[    0.224595] PCI: Using ACPI for IRQ routing
[    0.224755] NetLabel: Initializing
[    0.225269] NetLabel:  domain hash size = 128
[    0.225813] NetLabel:  protocols = UNLABELED CIPSOv4 CALIPSO
[    0.226603] NetLabel:  unlabeled traffic allowed by default
[    0.228054] clocksource: Switched to clocksource kvm-clock
[    0.236974] VFS: Disk quotas dquot_6.6.0
[    0.237530] VFS: Dquot-cache hash table entries: 512 (order 0, 4096 bytes)
[    0.238366] AppArmor: AppArmor Filesystem Enabled
[    0.238939] pnp: PnP ACPI init
[    0.239991] pnp: PnP ACPI: found 3 devices
[    0.247460] clocksource: acpi_pm: mask: 0xffffff max_cycles: 0xffffff, max_idle_ns: 2085701024 ns
[    0.248683] NET: Registered protocol family 2
[    0.249250] IP idents hash table entries: 32768 (order: 6, 262144 bytes)
[    0.250295] TCP established hash table entries: 16384 (order: 5, 131072 bytes)
[    0.251187] TCP bind hash table entries: 16384 (order: 6, 262144 bytes)
[    0.252760] TCP: Hash tables configured (established 16384 bind 16384)
[    0.253675] UDP hash table entries: 1024 (order: 3, 32768 bytes)
[    0.254402] UDP-Lite hash table entries: 1024 (order: 3, 32768 bytes)
[    0.255188] NET: Registered protocol family 1
[    0.255744] pci 0000:00:00.0: Limiting direct PCI/PCI transfers
[    0.256517] pci 0000:00:01.0: Activating ISA DMA hang workarounds
[    0.257237] pci 0000:00:02.0: Video device with shadowed ROM at [mem 0x000c0000-0x000dffff]
[    0.258250] Unpacking initramfs...
[    0.477056] Freeing initrd memory: 19528K
[    0.478087] clocksource: tsc: mask: 0xffffffffffffffff max_cycles: 0x23fa754787d, max_idle_ns: 440795210092 ns
[    0.479265] platform rtc_cmos: registered platform RTC device (no PNP device found)
[    0.480172] Scanning for low memory corruption every 60 seconds
[    0.481363] Initialise system trusted keyrings
[    0.481890] Key type blacklist registered
[    0.482835] workingset: timestamp_bits=36 max_order=19 bucket_order=0
[    0.484236] zbud: loaded
[    0.484933] squashfs: version 4.0 (2009/01/31) Phillip Lougher
[    0.485790] fuse init (API version 7.26)
[    0.487329] Key type asymmetric registered
[    0.487819] Asymmetric key parser 'x509' registered
[    0.488451] Block layer SCSI generic (bsg) driver version 0.4 loaded (major 246)
[    0.489327] io scheduler noop registered
[    0.489796] io scheduler deadline registered
[    0.490309] io scheduler cfq registered (default)
[    0.491051] ACPI: AC Adapter [AC] (on-line)
[    0.491575] input: Power Button as /devices/LNXSYSTM:00/LNXPWRBN:00/input/input0
[    0.492518] ACPI: Power Button [PWRF]
[    0.493003] input: Sleep Button as /devices/LNXSYSTM:00/LNXSLPBN:00/input/input1
[    0.493926] ACPI: Sleep Button [SLPF]
[    0.495086] ACPI: Battery Slot [BAT0] (battery present)
[    0.495821] Serial: 8250/16550 driver, 32 ports, IRQ sharing enabled
[    0.517069] 00:02: ttyS0 at I/O 0x3f8 (irq = 4, base_baud = 115200) is a 16550A
[    0.519713] Linux agpgart interface v0.103
[    0.521155] loop: module loaded
[    0.521907] scsi host0: ata_piix
[    0.522379] scsi host1: ata_piix
[    0.522797] ata1: PATA max UDMA/33 cmd 0x1f0 ctl 0x3f6 bmdma 0xd000 irq 14
[    0.523567] ata2: PATA max UDMA/33 cmd 0x170 ctl 0x376 bmdma 0xd008 irq 15
[    0.524501] tun: Universal TUN/TAP device driver, 1.6
[    0.525162] PPP generic driver version 2.4.2
[    0.525740] ehci_hcd: USB 2.0 'Enhanced' Host Controller (EHCI) Driver
[    0.526494] ehci-pci: EHCI PCI platform driver
[    0.527079] ehci-platform: EHCI generic platform driver
[    0.527719] ohci_hcd: USB 1.1 'Open' Host Controller (OHCI) Driver
[    0.528512] ohci-pci: OHCI PCI platform driver
[    0.529061] ohci-platform: OHCI generic platform driver
[    0.529679] uhci_hcd: USB Universal Host Controller Interface driver
[    0.530453] i8042: PNP: PS/2 Controller [PNP0303:PS2K,PNP0f03:PS2M] at 0x60,0x64 irq 1,12
[    0.531812] serio: i8042 KBD port at 0x60,0x64 irq 1
[    0.532436] serio: i8042 AUX port at 0x60,0x64 irq 12
[    0.533138] mousedev: PS/2 mouse device common for all mice
[    0.534121] input: AT Translated Set 2 keyboard as /devices/platform/i8042/serio0/input/input2
[    0.535306] rtc_cmos rtc_cmos: rtc core: registered rtc_cmos as rtc0
[    0.536225] rtc_cmos rtc_cmos: alarms up to one day, 114 bytes nvram
[    0.537033] i2c /dev entries driver
[    0.537523] device-mapper: uevent: version 1.0.3
[    0.538149] device-mapper: ioctl: 4.37.0-ioctl (2017-09-20) initialised: dm-devel@redhat.com
[    0.539159] ledtrig-cpu: registered to indicate activity on CPUs
[    0.540124] NET: Registered protocol family 10
[    0.542983] Segment Routing with IPv6
[    0.543465] NET: Registered protocol family 17
[    0.544141] Key type dns_resolver registered
[    0.544883] mce: Using 0 MCE banks
[    0.545341] RAS: Correctable Errors collector initialized.
[    0.546001] sched_clock: Marking stable (544847692, 0)->(659178346, -114330654)
[    0.547119] registered taskstats version 1
[    0.547632] Loading compiled-in X.509 certificates
[    0.549716] Loaded X.509 cert 'Build time autogenerated kernel key: b5b26778eaa3ab3a4a6cee031137706e947d12ad'
[    0.551306] Loaded X.509 cert 'Canonical Ltd. Live Patch Signing: 14df34d1a87cf37625abec039ef2bf521249b969'
[    0.552919] Loaded X.509 cert 'Canonical Ltd. Kernel Module Signing: 88f752e560a1e0737e31163a466ad7b70a850c19'
[    0.554153] blacklist: Loading compiled-in revocation X.509 certificates
[    0.554939] Loaded X.509 cert 'Canonical Ltd. Secure Boot Signing: 61482aa2830d0ab2ad5af10b7250da9033ddcef0'
[    0.556091] Loaded X.509 cert 'Canonical Ltd. Secure Boot Signing (2017): 242ade75ac4a15e50d50c84b0d45ff3eae707a03'
[    0.557294] Loaded X.509 cert 'Canonical Ltd. Secure Boot Signing (ESM 2018): 365188c1d374d6b07c3c8f240f8ef722433d6a8b'
[    0.558523] Loaded X.509 cert 'Canonical Ltd. Secure Boot Signing (2019): c0746fd6c5da3ae827864651ad66ae47fe24b3e8'
[    0.559722] Loaded X.509 cert 'Canonical Ltd. Secure Boot Signing (2021 v1): a8d54bbb3825cfb94fa13c9f8a594a195c107b8d'
[    0.561051] Loaded X.509 cert 'Canonical Ltd. Secure Boot Signing (2021 v2): 4cf046892d6fd3c9a5b03f98d845f90851dc6a8c'
[    0.562291] Loaded X.509 cert 'Canonical Ltd. Secure Boot Signing (2021 v3): 100437bb6de6e469b581e61cd66bce3ef4ed53af'
[    0.563522] Loaded X.509 cert 'Canonical Ltd. Secure Boot Signing (Ubuntu Core 2019): c1d57b8f6b743f23ee41f4f7ee292f06eecadfb9'
[    0.564871] zswap: loaded using pool lzo/zbud
[    0.567887] Key type big_key registered
[    0.568480] Key type trusted registered
[    0.570250] Key type encrypted registered
[    0.570732] AppArmor: AppArmor sha1 policy hashing enabled
[    0.571360] ima: No TPM chip found, activating TPM-bypass! (rc=-19)
[    0.572078] ima: Allocated hash algorithm: sha1
[    0.572621] evm: HMAC attrs: 0x1
[    0.573197]   Magic number: 7:557:352
[    0.573755] rtc_cmos rtc_cmos: setting system clock to 2023-09-11 23:20:20 UTC (1694474420)
[    0.574772] BIOS EDD facility v0.16 2004-Jun-25, 0 devices found
[    0.575449] EDD information not available.
[    0.720154] Freeing unused kernel image memory: 2480K
[    0.732144] Write protecting the kernel read-only data: 20480k
[    0.734664] Freeing unused kernel image memory: 2008K
[    0.736567] Freeing unused kernel image memory: 1820K
[    0.749620] x86/mm: Checked W+X mappings: passed, no W+X pages found.
[    0.750432] x86/mm: Checking user space page tables
[    0.756999] x86/mm: Checked W+X mappings: passed, no W+X pages found.
Loading, please wait...
starting version 237
[    0.803909] Fusion MPT base driver 3.04.20
[    0.804529] Copyright (c) 1999-2008 LSI Corporation
[    0.806564] e1000: Intel(R) PRO/1000 Network Driver - version 7.3.21-k8-NAPI
[    0.807423] e1000: Copyright (c) 1999-2006 Intel Corporation.
[    0.809001] Fusion MPT SPI Host driver 3.04.20
[    0.827781] AVX2 version of gcm_enc/dec engaged.
[    0.828504] AES CTR mode by8 optimization enabled
[    1.021937] input: ImExPS/2 Generic Explorer Mouse as /devices/platform/i8042/serio1/input/input4
[    1.488221] e1000 0000:00:03.0 eth0: (PCI:33MHz:32-bit) 02:3b:7b:b7:3b:2d
[    1.490346] e1000 0000:00:03.0 eth0: Intel(R) PRO/1000 Network Connection
[    2.765569] e1000 0000:00:08.0 eth1: (PCI:33MHz:32-bit) 08:00:27:77:24:53
[    2.766814] e1000 0000:00:08.0 eth1: Intel(R) PRO/1000 Network Connection
[    2.768191] mptbase: ioc0: Initiating bringup
[    2.768440] e1000 0000:00:08.0 enp0s8: renamed from eth1
[    2.789137] e1000 0000:00:03.0 enp0s3: renamed from eth0
[    2.880889] ioc0: LSI53C1030 A0: Capabilities={Initiator}
[    3.130914] scsi host2: ioc0: LSI53C1030 A0, FwRev=00000000h, Ports=1, MaxQ=256, IRQ=20
[    3.304469] scsi 2:0:0:0: Direct-Access     VBOX     HARDDISK         1.0  PQ: 0 ANSI: 5
[    3.731828] scsi target2:0:0: Beginning Domain Validation
[    3.738096] scsi target2:0:0: Domain Validation skipping write tests
[    3.738853] scsi target2:0:0: Ending Domain Validation
[    3.739536] scsi target2:0:0: asynchronous
[    3.740538] scsi 2:0:1:0: Direct-Access     VBOX     HARDDISK         1.0  PQ: 0 ANSI: 5
[    4.156264] scsi target2:0:1: Beginning Domain Validation
[    4.161487] scsi target2:0:1: Domain Validation skipping write tests
[    4.162308] scsi target2:0:1: Ending Domain Validation
[    4.162924] scsi target2:0:1: asynchronous
[    4.165710] sd 2:0:0:0: Attached scsi generic sg0 type 0
[    4.165712] sd 2:0:0:0: [sda] 83886080 512-byte logical blocks: (42.9 GB/40.0 GiB)
[    4.167383] sd 2:0:0:0: [sda] Write Protect is off
[    4.168191] sd 2:0:0:0: [sda] Incomplete mode parameter data
[    4.168220] sd 2:0:1:0: Attached scsi generic sg1 type 0
[    4.168936] sd 2:0:0:0: [sda] Assuming drive cache: write through
[    4.170400] sd 2:0:1:0: [sdb] 20480 512-byte logical blocks: (10.5 MB/10.0 MiB)
[    4.171336] sd 2:0:1:0: [sdb] Write Protect is off
[    4.172019] sd 2:0:1:0: [sdb] Incomplete mode parameter data
[    4.172733] sd 2:0:1:0: [sdb] Assuming drive cache: write through
[    4.174204]  sda: sda1
[    4.174966] sd 2:0:0:0: [sda] Attached SCSI disk
[    4.175766] sd 2:0:1:0: [sdb] Attached SCSI disk
Begin: Loading essential drivers ... [    5.587676] raid6: sse2x1   gen() 14967 MB/s
[    5.639690] raid6: sse2x1   xor()  8869 MB/s
[    5.691964] raid6: sse2x2   gen() 18288 MB/s
[    5.743568] raid6: sse2x2   xor() 11917 MB/s
[    5.795781] raid6: sse2x4   gen() 19734 MB/s
[    5.847844] raid6: sse2x4   xor() 12028 MB/s
[    5.896181] raid6: avx2x1   gen() 27864 MB/s
[    5.959509] raid6: avx2x1   xor() 22103 MB/s
[    6.023507] raid6: avx2x2   gen() 35324 MB/s
[    6.083752] raid6: avx2x2   xor() 26927 MB/s
[    6.139432] raid6: avx2x4   gen() 42334 MB/s
[    6.195721] raid6: avx2x4   xor() 26083 MB/s
[    6.196327] raid6: using algorithm avx2x4 gen() 42334 MB/s
[    6.196979] raid6: .... xor() 26083 MB/s, rmw enabled
[    6.197582] raid6: using avx2x2 recovery algorithm
[    6.198857] xor: automatically using best checksumming function   avx       
[    6.200312] async_tx: api initialized (async)
done.
Begin: Running /scripts/init-premount ... done.
Begin: Mounting root file system ... Begin: Running /scripts/local-top ... done.
Begin: Running /scripts/local-premount ... [    6.234176] Btrfs loaded, crc32c=crc32c-intel
Scanning for Btrfs filesystems
done.
Warning: fsck not present, so skipping root file system
[    6.253663] EXT4-fs (sda1): INFO: recovery required on readonly filesystem
[    6.254671] EXT4-fs (sda1): write access will be enabled during recovery
[    6.309064] EXT4-fs (sda1): orphan cleanup on readonly fs
[    6.310562] EXT4-fs (sda1): 5 orphan inodes deleted
[    6.311342] EXT4-fs (sda1): recovery complete
[    6.320359] EXT4-fs (sda1): mounted filesystem with ordered data mode. Opts: (null)
done.
Begin: Running /scripts/local-bottom ... done.
Begin: Running /scripts/init-bottom ... done.
[    6.430776] ip_tables: (C) 2000-2006 Netfilter Core Team
[    6.437212] systemd[1]: systemd 237 running in system mode. (+PAM +AUDIT +SELINUX +IMA +APPARMOR +SMACK +SYSVINIT +UTMP +LIBCRYPTSETUP +GCRYPT +GNUTLS +ACL +XZ +LZ4 +SECCOMP +BLKID +ELFUTILS +KMOD -IDN2 +IDN -PCRE2 default-hierarchy=hybrid)
[    6.440107] systemd[1]: Detected virtualization oracle.
[    6.440900] systemd[1]: Detected architecture x86-64.

Welcome to [1mUbuntu 18.04.6 LTS[0m!

[    6.445316] systemd[1]: Set hostname to <ubuntu-bionic>.
[    6.636032] systemd[1]: Created slice User and Session Slice.
[[0;32m  OK  [0m] Created slice User and Session Slice.
[    6.637378] systemd[1]: Started Forward Password Requests to Wall Directory Watch.
[[0;32m  OK  [0m] Started Forward Password Requests to Wall Directory Watch.
[    6.639058] systemd[1]: Set up automount Arbitrary Executable File Formats File System Automount Point.
[[0;32m  OK  [0m] Set up automount Arbitrary Executab…rmats File System Automount Point.
[    6.640909] systemd[1]: Reached target Swap.
[[0;32m  OK  [0m] Reached target Swap.
[    6.652125] systemd[1]: Reached target System Time Synchronized.
[[0;32m  OK  [0m] Reached target System Time Synchronized.
[    6.653573] systemd[1]: Reached target Mounting snaps.
[[0;32m  OK  [0m] Reached target Mounting snaps.
[[0;32m  OK  [0m] Reached target Mounted snaps.
[[0;32m  OK  [0m] Reached target User and Group Name Lookups.
[[0;32m  OK  [0m] Created slice System Slice.
[[0;32m  OK  [0m] Listening on fsck to fsckd communication Socket.
[[0;32m  OK  [0m] Listening on LVM2 metadata daemon socket.
[[0;32m  OK  [0m] Listening on Journal Socket.
         Mounting Kernel Debug File System...
[[0;32m  OK  [0m] Listening on /dev/initctl Compatibility Named Pipe.
[[0;32m  OK  [0m] Listening on udev Control Socket.
         Starting Load Kernel Modules...
[[0;32m  OK  [0m] Listening on Syslog Socket.
         Starting Uncomplicated firewall...
[[0;32m  OK  [0m] Listening on Network Service Netlink Socket.
         Mounting Huge Pages File System...
[[0;32m  OK  [0m] Reached target Slices.
         Starting Create list of required st…ce nodes for the current kernel...
[[0;32m  OK  [0m] Listening on udev Kernel Socket.
         Starting udev Coldplug all Devices...
         Starting Set the console keyboard layout...
         Mounting POSIX Message Queue File System...
[[0;32m  OK  [0m] Listening on Journal Socket (/dev/log).
[[0;32m  OK  [0m] Listening on LVM2 poll daemon socket.
[[0;32m  OK  [0m] Created slice system-serial\x2dgetty.slice.
[[0;32m  OK  [0m] Listening on Journal Audit Socket.
         Starting File System Check on Root Device...
         Starting Journal Service...
[[0;32m  OK  [0m] Listening on Device-mapper event daemon FIFOs.
         Starting Monitoring of LVM2 mirrors…ng dmeventd or progress polling...
[[0;32m  OK  [0m] Mounted Kernel D[    6.686506] Loading iSCSI transport class v2.0-870.
ebug File System.
[[0;32m  OK  [0m] Started Uncomplicated firewall.
[[0;32m  OK  [0m] Mounted Huge Pages File System.
[[0;32m  OK  [0m] Started Create list of required sta…vice nodes for the current kernel.
[[0;32m  OK  [0m] Mounted POSIX Message Queue File System.
         Starting Create Static Device Nodes in /dev...
[    6.696656] iscsi: registered transport (tcp)
[    6.707926] iscsi: registered transport (iser)
[[0;32m  OK  [0m] Started Load Kernel Modules.
         Mounting Kernel Configuration File System...
         Starting Apply Kernel Variables...
         Mounting FUSE Control File System...
[[0;32m  OK  [0m] Started udev Coldplug all Devices.
[[0;32m  OK  [0m] Mounted Kernel Configuration File System.
[[0;32m  OK  [0m] Mounted FUSE Control File System.
[[0;32m  OK  [0m] Started File System Check Daemon to report status.
[[0;32m  OK  [0m] Started Journal Service.
[[0;32m  OK  [0m] Started LVM2 metadata daemon.
[[0;32m  OK  [0m] Started Create Static Device Nodes in /dev.
[[0;32m  OK  [0m] Started File System Check on Root Device.
         Starting Remount Root and Kernel File Systems...
[[0;32m  OK  [0m] Started Apply Kernel Variables.
[[0;32m  OK  [0m] Started Remount Root and Kernel File Systems.
         Starting Flush Journal to Persistent Storage...
         Starting udev Kernel Device Manager...
         Starting Load/Save Random Seed...
[[0;32m  OK  [0m] Started Monitoring of LVM2 mirrors,…sing dmeventd or progress polling.
[[0;32m  OK  [0m] Started Load/Save Random Seed.
[[0;32m  OK  [0m] Started udev Kernel Device Manager.
[[0;32m  OK  [0m] Started Set the console keyboard layout.
[[0;32m  OK  [0m] Reached target Local File Systems (Pre).
[[0;32m  OK  [0m] Reached target Local File Systems.
         Starting ebtables ruleset management...
         Starting Tell Plymouth To Write Out Runtime Data...
         Starting Set console font and keymap...
         Starting AppArmor initialization...
[[0;32m  OK  [0m] Started Dispatch Password Requests to Console Directory Watch.
[[0;32m  OK  [0m] Reached target Local Encrypted Volumes.
[[0;32m  OK  [0m] Started Set console font and keymap.
[[0;32m  OK  [0m] Started Tell Plymouth To Write Out Runtime Data.
[[0;32m  OK  [0m] Started Flush Journal to Persistent Storage.
         Starting Create Volatile Files and Directories...
[[0;32m  OK  [0m] Started Create Volatile Files and Directories.
         Starting Update UTMP about System Boot/Shutdown...
[[0;32m  OK  [0m] Started Update UTMP about System Boot/Shutdown.
[[0;32m  OK  [0m] Started ebtables ruleset management.
[[0;32m  OK  [0m] Found device /dev/ttyS0.
[[0;32m  OK  [0m] Listening on Load/Save RF Kill Switch Status /dev/rfkill Watch.
[[0;32m  OK  [0m] Started AppArmor initialization.
         Starting Load AppArmor profiles managed internally by snapd...
         Starting Initial cloud-init job (pre-networking)...
         Mounting Arbitrary Executable File Formats File System...
[[0;32m  OK  [0m] Mounted Arbitrary Executable File Formats File System.
[[0;32m  OK  [0m] Started Load AppArmor profiles managed internally by snapd.
[    8.105081] cloud-init[569]: Cloud-init v. 23.1.2-0ubuntu0~18.04.1 running 'init-local' at Mon, 11 Sep 2023 23:20:27 +0000. Up 7.96 seconds.
[[0;32m  OK  [0m] Started Initial cloud-init job (pre-networking).
[[0;32m  OK  [0m] Reached target Network (Pre).
         Starting Network Service...
[[0;32m  OK  [0m] Started Network Service.
         Starting Wait for Network to be Configured...
         Starting Network Name Resolution...
[[0;32m  OK  [0m] Started Network Name Resolution.
[[0;32m  OK  [0m] Reached target Network.
[[0;32m  OK  [0m] Reached target Host and Network Name Lookups.
[[0;32m  OK  [0m] Started Wait for Network to be Configured.
         Starting Initial cloud-init job (metadata service crawler)...
[   10.745078] cloud-init[684]: Cloud-init v. 23.1.2-0ubuntu0~18.04.1 running 'init' at Mon, 11 Sep 2023 23:20:30 +0000. Up 10.64 seconds.
[   10.747054] cloud-init[684]: ci-info: ++++++++++++++++++++++++++++++++++++++Net device info+++++++++++++++++++++++++++++++++++++++
[   10.748054] cloud-init[684]: ci-info: +--------+------+-----------------------------+---------------+--------+-------------------+
[   10.749014] cloud-init[684]: ci-info: | Device |  Up  |           Address           |      Mask     | Scope  |     Hw-Address    |
[   10.749956] cloud-init[684]: ci-info: +--------+------+-----------------------------+---------------+--------+-------------------+
[   10.750913] cloud-init[684]: ci-info: | enp0s3 | True |          10.0.2.15          | 255.255.255.0 | global | 02:3b:7b:b7:3b:2d |
[   10.751943] cloud-init[684]: ci-info: | enp0s3 | True |  fe80::3b:7bff:feb7:3b2d/64 |       .       |  link  | 02:3b:7b:b7:3b:2d |
[   10.752935] cloud-init[684]: ci-info: | enp0s8 | True |        192.168.56.10        | 255.255.255.0 | global | 08:00:27:77:24:53 |
[   10.753869] cloud-init[684]: ci-info: | enp0s8 | True | fe80::a00:27ff:fe77:2453/64 |       .       |  link  | 08:00:27:77:24:53 |
[   10.754832] cloud-init[684]: ci-info: |   lo   | True |          127.0.0.1          |   255.0.0.0   |  host  |         .         |
[   10.755782] cloud-init[684]: ci-info: |   lo   | True |           ::1/128           |       .       |  host  |         .         |
[   10.756838] cloud-init[684]: ci-info: +--------+------+-----------------------------+---------------+--------+-------------------+
[   10.757840] cloud-init[684]: ci-info: +++++++++++++++++++++++++++++Route IPv4 info+++++++++++++++++++++++++++++
[   10.758711] cloud-init[684]: ci-info: +-------+--------------+----------+-----------------+-----------+-------+
[   10.759590] cloud-init[684]: ci-info: | Route | Destination  | Gateway  |     Genmask     | Interface | Flags |
[   10.760616] cloud-init[684]: ci-info: +-------+--------------+----------+-----------------+-----------+-------+
[   10.761517] cloud-init[684]: ci-info: |   0   |   0.0.0.0    | 10.0.2.2 |     0.0.0.0     |   enp0s3  |   UG  |
[   10.762393] cloud-init[684]: ci-info: |   1   |   10.0.2.0   | 0.0.0.0  |  255.255.255.0  |   enp0s3  |   U   |
[   10.764280] cloud-init[684]: ci-info: |   2   |   10.0.2.2   | 0.0.0.0  | 255.255.255.255 |   enp0s3  |   UH  |
[   10.765156] cloud-init[684]: ci-info: |   3   | 192.168.56.0 | 0.0.0.0  |  255.255.255.0  |   enp0s8  |   U   |
[   10.766044] cloud-init[684]: ci-info: +-------+--------------+----------+-----------------+-----------+-------+
[   10.766940] cloud-init[684]: ci-info: +++++++++++++++++++Route IPv6 info+++++++++++++++++++
[   10.767791] cloud-init[684]: ci-info: +-------+-------------+---------+-----------+-------+
[   10.768583] cloud-init[684]: ci-info: | Route | Destination | Gateway | Interface | Flags |
[   10.769390] cloud-init[684]: ci-info: +-------+-------------+---------+-----------+-------+
[   10.770170] cloud-init[684]: ci-info: |   1   |  fe80::/64  |    ::   |   enp0s3  |   U   |
[   10.771099] cloud-init[684]: ci-info: |   2   |  fe80::/64  |    ::   |   enp0s8  |   U   |
[   10.771828] cloud-init[684]: ci-info: |   4   |    local    |    ::   |   enp0s3  |   U   |
[   10.772600] cloud-init[684]: ci-info: |   5   |    local    |    ::   |   enp0s8  |   U   |
[   10.773322] cloud-init[684]: ci-info: |   6   |   ff00::/8  |    ::   |   enp0s3  |   U   |
[   10.774066] cloud-init[684]: ci-info: |   7   |   ff00::/8  |    ::   |   enp0s8  |   U   |
[   10.774784] cloud-init[684]: ci-info: +-------+-------------+---------+-----------+-------+
[[0;32m  OK  [0m] Started Initial cloud-init job (metadata service crawler).
[[0;32m  OK  [0m] Reached target Cloud-config availability.
[[0;32m  OK  [0m] Reached target System Initialization.
[[0;32m  OK  [0m] Started Daily Cleanup of Temporary Directories.
[[0;32m  OK  [0m] Started Discard unused blocks once a week.
         Starting LXD - unix socket.
[[0;32m  OK  [0m] Listening on D-Bus System Message Bus Socket.
[[0;32m  OK  [0m] Listening on UUID daemon activation socket.
[[0;32m  OK  [0m] Listening on Open-iSCSI iscsid Socket.
         Starting Docker Socket for the API.
[[0;32m  OK  [0m] Started Message of the Day.
[[0;32m  OK  [0m] Listening on cloud-init hotplug hook socket.
[[0;32m  OK  [0m] Started Daily apt download activities.
[[0;32m  OK  [0m] Started Daily apt upgrade and clean activities.
         Starting Socket activation for snappy daemon.
[[0;32m  OK  [0m] Started Ubuntu Advantage Timer for running repeated jobs.
[[0;32m  OK  [0m] Reached target Timers.
[[0;32m  OK  [0m] Listening on ACPID Listen Socket.
[[0;32m  OK  [0m] Started ACPI Events Check.
[[0;32m  OK  [0m] Reached target Paths.
[[0;32m  OK  [0m] Reached target Network is Online.
[[0;32m  OK  [0m] Reached target Remote File Systems (Pre).
         Starting Availability of block devices...
         Mounting /configs...
         Mounting /vagrant...
[[0;32m  OK  [0m] Listening on LXD - unix socket.
[[0;32m  OK  [0m] Listening on Docker Socket for the API.
[[0;32m  OK  [0m] Listening on Socket activation for snappy daemon.
[[0;32m  OK  [0m] Reached target Sockets.
[[0;32m  OK  [0m] Reached target Basic System.
         Starting Message of the Day...
[[0;32m  OK  [0m] Started D-Bus System Message Bus.
         Starting Login Service...
         Starting MySQL Community Server...
         Starting Accounts Service...
         Starting LSB: Record successful boot for GRUB...
[[0;32m  OK  [0m] Started irqbalance daemon.
         Starting Virtualbox guest utils...
         Starting containerd container runtime...
[[0;32m  OK  [0m] Started Deferred execution scheduler.
[[0;32m  OK  [0m] Reached target Login Prompts (Pre).
[[0;32m  OK  [0m] Started FUSE filesystem for LXC.
         Starting OpenBSD Secure Shell server...
         Starting Dispatcher daemon for systemd-networkd...
         Starting System Logging Service...
[[0;32m  OK  [0m] Started Regular background program processing daemon.
         Starting Discard unused blocks...
         Starting Snap Daemon...
         Starting LXD - container startup/shutdown...
[[0;32m  OK  [0m] Started Availability of block devices.
[[0;32m  OK  [0m] Started Login Service.
[[0;32m  OK  [0m] Started Unattended Upgrades Shutdown.
[[0;32m  OK  [0m] Started System Logging Service.
[[0;32m  OK  [0m] Started Discard unused blocks.
[[0;32m  OK  [0m] Mounted /configs.
[[0;32m  OK  [0m] Mounted /vagrant.
[[0;32m  OK  [0m] Reached target Remote File Systems.
         Starting Permit User Sessions...
         Starting LSB: automatic crash report generation...
         Starting LSB: Linux init script for swapspace...
[[0;32m  OK  [0m] Started OpenBSD Secure Shell server.
[[0;32m  OK  [0m] Started Permit User Sessions.
         Starting Terminate Plymouth Boot Screen...
         Starting Hold until boot process finishes up...
[[0;32m  OK  [0m] Started Hold until boot process finishes up.
         Starting Set console scheme...
[[0;32m  OK  [0m] Started Serial Getty on ttyS0.
[[0;32m  OK  [0m] Started LSB: Linux init script for swapspace.
[[0;32m  OK  [0m] Started Terminate Plymouth Boot Screen.
         Starting Authorization Manager...
[[0;32m  OK  [0m] Started Authorization Manager.
[[0;32m  OK  [0m] Started Accounts Service.
[[0;32m  OK  [0m] Started LSB: Record successful boot for GRUB.
[[0;32m  OK  [0m] Started Set console scheme.
[[0;32m  OK  [0m] Created slice system-getty.slice.
[[0;32m  OK  [0m] Started Getty on tty1.
[[0;32m  OK  [0m] Reached target Login Prompts.
[[0;32m  OK  [0m] Started LSB: automatic crash report generation.
[[0;32m  OK  [0m] Started Virtualbox guest utils.
[[0;32m  OK  [0m] Started LXD - container startup/shutdown.
[[0;32m  OK  [0m] Started containerd container runtime.
         Starting Docker Application Container Engine...
[[0;32m  OK  [0m] Created slice User Slice of vagrant.
[[0;32m  OK  [0m] Started Dispatcher daemon for systemd-networkd.
[[0;32m  OK  [0m] Started Session 1 of user vagrant.
         Starting User Manager for UID 1000...
[[0;32m  OK  [0m] Started User Manager for UID 1000.
[[0;32m  OK  [0m] Started Snap Daemon.
         Starting Wait until snapd is fully seeded...
         Starting Time & Date Service...
[[0;32m  OK  [0m] Started Time & Date Service.
[[0;32m  OK  [0m] Started Wait until snapd is fully seeded.
         Starting Apply the settings specified in cloud-config...
[[0;32m  OK  [0m] Started Message of the Day.
[[0;32m  OK  [0m] Started MySQL Community Server.
[   13.871198] cloud-init[1343]: Cloud-init v. 23.1.2-0ubuntu0~18.04.1 running 'modules:config' at Mon, 11 Sep 2023 23:20:33 +0000. Up 13.77 seconds.
[[0;32m  OK  [0m] Started Apply the settings specified in cloud-config.
[[0;32m  OK  [0m] Started Docker Application Container Engine.
[[0;32m  OK  [0m] Reached target Multi-User System.
         Starting Execute cloud user/final scripts...
[[0;32m  OK  [0m] Reached target Graphical Interface.
         Starting Update UTMP about System Runlevel Changes...
[[0;32m  OK  [0m] Started Update UTMP about System Runlevel Changes.
[   15.282012] cloud-init[1658]: Cloud-init v. 23.1.2-0ubuntu0~18.04.1 running 'modules:final' at Mon, 11 Sep 2023 23:20:35 +0000. Up 15.17 seconds.
[   15.283170] cloud-init[1658]: Cloud-init v. 23.1.2-0ubuntu0~18.04.1 finished at Mon, 11 Sep 2023 23:20:35 +0000. Datasource DataSourceNoCloud [seed=/dev/sdb][dsmode=net].  Up 15.27 seconds
[[0;32m  OK  [0m] Started Execute cloud user/final scripts.
         Starting Daily apt download activities...
[[0;32m  OK  [0m] Reached target Cloud-init target.
         Starting Update APT News...
         Starting Update the local ESM caches...

Ubuntu 18.04.6 LTS ubuntu-bionic ttyS0

ubuntu-bionic login: [[0;32m  OK  [0m] Started Daily apt upgrade and clean activities.
